[0.068s] DEBUG:colcon:Command line arguments: ['/usr/bin/colcon', 'build', '--symlink-install', '--packages-select', 'robo_maestro']
[0.069s] DEBUG:colcon:Parsed command line arguments: Namespace(log_base=None, log_level=None, verb_name='build', build_base='build', install_base='install', merge_install=False, symlink_install=True, test_result_base=None, continue_on_error=False, executor='parallel', parallel_workers=32, event_handlers=None, ignore_user_meta=False, metas=['./colcon.meta'], base_paths=['.'], packages_ignore=None, packages_ignore_regex=None, paths=None, packages_up_to=None, packages_up_to_regex=None, packages_above=None, packages_above_and_dependencies=None, packages_above_depth=None, packages_select_by_dep=None, packages_skip_by_dep=None, packages_skip_up_to=None, packages_select_build_failed=False, packages_skip_build_finished=False, packages_select_test_failures=False, packages_skip_test_passed=False, packages_select=['robo_maestro'], packages_skip=None, packages_select_regex=None, packages_skip_regex=None, packages_start=None, packages_end=None, cmake_args=None, cmake_target=None, cmake_target_skip_unavailable=False, cmake_clean_cache=False, cmake_clean_first=False, cmake_force_configure=False, ament_cmake_args=None, catkin_cmake_args=None, catkin_skip_building_tests=False, mixin_files=None, mixin=None, verb_parser=<colcon_mixin.mixin.mixin_argument.MixinArgumentDecorator object at 0x71ea49ecd5e0>, verb_extension=<colcon_core.verb.build.BuildVerb object at 0x71ea49eccf80>, main=<bound method BuildVerb.main of <colcon_core.verb.build.BuildVerb object at 0x71ea49eccf80>>, mixin_verb=('build',))
[0.092s] Level 1:colcon.colcon_core.package_discovery:discover_packages(colcon_meta) check parameters
[0.092s] Level 1:colcon.colcon_core.package_discovery:discover_packages(recursive) check parameters
[0.092s] Level 1:colcon.colcon_core.package_discovery:discover_packages(ignore) check parameters
[0.092s] Level 1:colcon.colcon_core.package_discovery:discover_packages(path) check parameters
[0.092s] Level 1:colcon.colcon_core.package_discovery:discover_packages(colcon_meta) discover
[0.092s] Level 1:colcon.colcon_core.package_discovery:discover_packages(recursive) discover
[0.092s] INFO:colcon.colcon_core.package_discovery:Crawling recursively for packages in '/home/ros/share/ws/src/robo_maestro'
[0.092s] Level 1:colcon.colcon_core.package_identification:_identify(.) by extensions ['ignore', 'ignore_ament_install']
[0.092s] Level 1:colcon.colcon_core.package_identification:_identify(.) by extension 'ignore'
[0.092s] Level 1:colcon.colcon_core.package_identification:_identify(.) by extension 'ignore_ament_install'
[0.092s] Level 1:colcon.colcon_core.package_identification:_identify(.) by extensions ['colcon_pkg']
[0.092s] Level 1:colcon.colcon_core.package_identification:_identify(.) by extension 'colcon_pkg'
[0.092s] Level 1:colcon.colcon_core.package_identification:_identify(.) by extensions ['colcon_meta']
[0.092s] Level 1:colcon.colcon_core.package_identification:_identify(.) by extension 'colcon_meta'
[0.092s] Level 1:colcon.colcon_core.package_identification:_identify(.) by extensions ['ros']
[0.092s] Level 1:colcon.colcon_core.package_identification:_identify(.) by extension 'ros'
[0.111s] DEBUG:colcon.colcon_core.package_identification:Package '.' with type 'ros.ament_python' and name 'robo_maestro'
[0.111s] Level 1:colcon.colcon_core.package_discovery:discover_packages(recursive) using defaults
[0.111s] Level 1:colcon.colcon_core.package_discovery:discover_packages(ignore) discover
[0.111s] Level 1:colcon.colcon_core.package_discovery:discover_packages(ignore) using defaults
[0.111s] Level 1:colcon.colcon_core.package_discovery:discover_packages(path) discover
[0.111s] Level 1:colcon.colcon_core.package_discovery:discover_packages(path) using defaults
[0.122s] Level 5:colcon.colcon_core.verb:set package 'robo_maestro' build argument 'cmake_args' from command line to 'None'
[0.122s] Level 5:colcon.colcon_core.verb:set package 'robo_maestro' build argument 'cmake_target' from command line to 'None'
[0.122s] Level 5:colcon.colcon_core.verb:set package 'robo_maestro' build argument 'cmake_target_skip_unavailable' from command line to 'False'
[0.122s] Level 5:colcon.colcon_core.verb:set package 'robo_maestro' build argument 'cmake_clean_cache' from command line to 'False'
[0.122s] Level 5:colcon.colcon_core.verb:set package 'robo_maestro' build argument 'cmake_clean_first' from command line to 'False'
[0.122s] Level 5:colcon.colcon_core.verb:set package 'robo_maestro' build argument 'cmake_force_configure' from command line to 'False'
[0.122s] Level 5:colcon.colcon_core.verb:set package 'robo_maestro' build argument 'ament_cmake_args' from command line to 'None'
[0.122s] Level 5:colcon.colcon_core.verb:set package 'robo_maestro' build argument 'catkin_cmake_args' from command line to 'None'
[0.122s] Level 5:colcon.colcon_core.verb:set package 'robo_maestro' build argument 'catkin_skip_building_tests' from command line to 'False'
[0.122s] DEBUG:colcon.colcon_core.verb:Building package 'robo_maestro' with the following arguments: {'ament_cmake_args': None, 'build_base': '/home/ros/share/ws/src/robo_maestro/build/robo_maestro', 'catkin_cmake_args': None, 'catkin_skip_building_tests': False, 'cmake_args': None, 'cmake_clean_cache': False, 'cmake_clean_first': False, 'cmake_force_configure': False, 'cmake_target': None, 'cmake_target_skip_unavailable': False, 'install_base': '/home/ros/share/ws/src/robo_maestro/install/robo_maestro', 'merge_install': False, 'path': '/home/ros/share/ws/src/robo_maestro', 'symlink_install': True, 'test_result_base': None}
[0.122s] INFO:colcon.colcon_core.executor:Executing jobs using 'parallel' executor
[0.122s] DEBUG:colcon.colcon_parallel_executor.executor.parallel:run_until_complete
[0.123s] INFO:colcon.colcon_ros.task.ament_python.build:Building ROS package in '/home/ros/share/ws/src/robo_maestro' with build type 'ament_python'
[0.123s] Level 1:colcon.colcon_core.shell:create_environment_hook('robo_maestro', 'ament_prefix_path')
[0.124s] INFO:colcon.colcon_core.plugin_system:Skipping extension 'colcon_core.shell.bat': Not used on non-Windows systems
[0.124s] INFO:colcon.colcon_core.shell:Creating environment hook '/home/ros/share/ws/src/robo_maestro/install/robo_maestro/share/robo_maestro/hook/ament_prefix_path.ps1'
[0.125s] INFO:colcon.colcon_core.shell:Creating environment descriptor '/home/ros/share/ws/src/robo_maestro/install/robo_maestro/share/robo_maestro/hook/ament_prefix_path.dsv'
[0.125s] INFO:colcon.colcon_core.shell:Creating environment hook '/home/ros/share/ws/src/robo_maestro/install/robo_maestro/share/robo_maestro/hook/ament_prefix_path.sh'
[0.125s] INFO:colcon.colcon_core.shell:Skip shell extension 'powershell' for command environment: Not usable outside of PowerShell
[0.125s] DEBUG:colcon.colcon_core.shell:Skip shell extension 'dsv' for command environment
[0.287s] INFO:colcon.colcon_core.task.python.build:Building Python package in '/home/ros/share/ws/src/robo_maestro'
[0.287s] INFO:colcon.colcon_core.shell:Skip shell extension 'powershell' for command environment: Not usable outside of PowerShell
[0.288s] DEBUG:colcon.colcon_core.shell:Skip shell extension 'dsv' for command environment
[0.659s] DEBUG:colcon.colcon_core.event_handler.log_command:Invoking command in '/home/ros/share/ws/src/robo_maestro/build/robo_maestro': PS1=\[]0;\u@jazzy-container: \w\]\[[01;34m\]\u@jazzy-container\[[00m\]:\[[01;35m\]\w\[[00m\]$ PYTHONPATH=/home/ros/share/ws/src/robo_maestro/build/robo_maestro/prefix_override:/usr/lib/python3/dist-packages/colcon_core/task/python/colcon_distutils_commands:/home/ros/share/ws/src/robo_maestro/install/robo_maestro/lib/python3.12/site-packages:${PYTHONPATH} /usr/bin/python3 -W ignore:setup.py install is deprecated -W ignore:easy_install command is deprecated setup.py develop --editable --build-directory /home/ros/share/ws/src/robo_maestro/build/robo_maestro/build --no-deps symlink_data
[1.096s] Level 1:colcon.colcon_core.shell:create_environment_hook('robo_maestro', 'pythonpath_develop')
[1.096s] INFO:colcon.colcon_core.shell:Creating environment hook '/home/ros/share/ws/src/robo_maestro/build/robo_maestro/share/robo_maestro/hook/pythonpath_develop.ps1'
[1.096s] DEBUG:colcon.colcon_core.event_handler.log_command:Invoked command in '/home/ros/share/ws/src/robo_maestro/build/robo_maestro' returned '0': PS1=\[]0;\u@jazzy-container: \w\]\[[01;34m\]\u@jazzy-container\[[00m\]:\[[01;35m\]\w\[[00m\]$ PYTHONPATH=/home/ros/share/ws/src/robo_maestro/build/robo_maestro/prefix_override:/usr/lib/python3/dist-packages/colcon_core/task/python/colcon_distutils_commands:/home/ros/share/ws/src/robo_maestro/install/robo_maestro/lib/python3.12/site-packages:${PYTHONPATH} /usr/bin/python3 -W ignore:setup.py install is deprecated -W ignore:easy_install command is deprecated setup.py develop --editable --build-directory /home/ros/share/ws/src/robo_maestro/build/robo_maestro/build --no-deps symlink_data
[1.097s] INFO:colcon.colcon_core.shell:Creating environment descriptor '/home/ros/share/ws/src/robo_maestro/build/robo_maestro/share/robo_maestro/hook/pythonpath_develop.dsv'
[1.097s] INFO:colcon.colcon_core.shell:Creating environment hook '/home/ros/share/ws/src/robo_maestro/build/robo_maestro/share/robo_maestro/hook/pythonpath_develop.sh'
[1.098s] Level 1:colcon.colcon_core.environment:checking '/home/ros/share/ws/src/robo_maestro/install/robo_maestro' for CMake module files
[1.099s] Level 1:colcon.colcon_core.environment:checking '/home/ros/share/ws/src/robo_maestro/install/robo_maestro' for CMake config files
[1.100s] Level 1:colcon.colcon_core.environment:checking '/home/ros/share/ws/src/robo_maestro/install/robo_maestro/lib'
[1.100s] Level 1:colcon.colcon_core.environment:checking '/home/ros/share/ws/src/robo_maestro/install/robo_maestro/bin'
[1.100s] Level 1:colcon.colcon_core.environment:checking '/home/ros/share/ws/src/robo_maestro/install/robo_maestro/lib/pkgconfig/robo_maestro.pc'
[1.100s] Level 1:colcon.colcon_core.environment:checking '/home/ros/share/ws/src/robo_maestro/install/robo_maestro/lib/python3.12/site-packages'
[1.100s] Level 1:colcon.colcon_core.shell:create_environment_hook('robo_maestro', 'pythonpath')
[1.100s] INFO:colcon.colcon_core.shell:Creating environment hook '/home/ros/share/ws/src/robo_maestro/install/robo_maestro/share/robo_maestro/hook/pythonpath.ps1'
[1.101s] INFO:colcon.colcon_core.shell:Creating environment descriptor '/home/ros/share/ws/src/robo_maestro/install/robo_maestro/share/robo_maestro/hook/pythonpath.dsv'
[1.101s] INFO:colcon.colcon_core.shell:Creating environment hook '/home/ros/share/ws/src/robo_maestro/install/robo_maestro/share/robo_maestro/hook/pythonpath.sh'
[1.101s] Level 1:colcon.colcon_core.environment:checking '/home/ros/share/ws/src/robo_maestro/install/robo_maestro/bin'
[1.101s] Level 1:colcon.colcon_core.environment:create_environment_scripts_only(robo_maestro)
[1.101s] INFO:colcon.colcon_core.shell:Creating package script '/home/ros/share/ws/src/robo_maestro/install/robo_maestro/share/robo_maestro/package.ps1'
[1.102s] INFO:colcon.colcon_core.shell:Creating package descriptor '/home/ros/share/ws/src/robo_maestro/install/robo_maestro/share/robo_maestro/package.dsv'
[1.102s] INFO:colcon.colcon_core.shell:Creating package script '/home/ros/share/ws/src/robo_maestro/install/robo_maestro/share/robo_maestro/package.sh'
[1.102s] INFO:colcon.colcon_core.shell:Creating package script '/home/ros/share/ws/src/robo_maestro/install/robo_maestro/share/robo_maestro/package.bash'
[1.103s] INFO:colcon.colcon_core.shell:Creating package script '/home/ros/share/ws/src/robo_maestro/install/robo_maestro/share/robo_maestro/package.zsh'
[1.103s] Level 1:colcon.colcon_core.environment:create_file_with_runtime_dependencies(/home/ros/share/ws/src/robo_maestro/install/robo_maestro/share/colcon-core/packages/robo_maestro)
[1.103s] DEBUG:colcon.colcon_parallel_executor.executor.parallel:closing loop
[1.104s] DEBUG:colcon.colcon_parallel_executor.executor.parallel:loop closed
[1.104s] DEBUG:colcon.colcon_parallel_executor.executor.parallel:run_until_complete finished with '0'
[1.104s] DEBUG:colcon.colcon_core.event_reactor:joining thread
[1.108s] INFO:colcon.colcon_core.plugin_system:Skipping extension 'colcon_notification.desktop_notification.notify_send': Could not find 'notify-send'
[1.108s] INFO:colcon.colcon_core.plugin_system:Skipping extension 'colcon_notification.desktop_notification.terminal_notifier': Not used on non-Darwin systems
[1.108s] INFO:colcon.colcon_core.plugin_system:Skipping extension 'colcon_notification.desktop_notification.win32': Not used on non-Windows systems
[1.108s] INFO:colcon.colcon_notification.desktop_notification:Sending desktop notification using 'notify2'
[1.111s] DEBUG:colcon.colcon_notification.desktop_notification.notify2:Failed to initialize notify2: org.freedesktop.DBus.Error.Spawn.ExecFailed: /usr/bin/dbus-launch terminated abnormally without any error message
[1.111s] DEBUG:colcon.colcon_core.event_reactor:joined thread
[1.111s] INFO:colcon.colcon_core.shell:Creating prefix script '/home/ros/share/ws/src/robo_maestro/install/local_setup.ps1'
[1.112s] INFO:colcon.colcon_core.shell:Creating prefix util module '/home/ros/share/ws/src/robo_maestro/install/_local_setup_util_ps1.py'
[1.112s] INFO:colcon.colcon_core.shell:Creating prefix chain script '/home/ros/share/ws/src/robo_maestro/install/setup.ps1'
[1.114s] INFO:colcon.colcon_core.shell:Creating prefix script '/home/ros/share/ws/src/robo_maestro/install/local_setup.sh'
[1.114s] INFO:colcon.colcon_core.shell:Creating prefix util module '/home/ros/share/ws/src/robo_maestro/install/_local_setup_util_sh.py'
[1.115s] INFO:colcon.colcon_core.shell:Creating prefix chain script '/home/ros/share/ws/src/robo_maestro/install/setup.sh'
[1.116s] INFO:colcon.colcon_core.shell:Creating prefix script '/home/ros/share/ws/src/robo_maestro/install/local_setup.bash'
[1.116s] INFO:colcon.colcon_core.shell:Creating prefix chain script '/home/ros/share/ws/src/robo_maestro/install/setup.bash'
[1.118s] INFO:colcon.colcon_core.shell:Creating prefix script '/home/ros/share/ws/src/robo_maestro/install/local_setup.zsh'
[1.118s] INFO:colcon.colcon_core.shell:Creating prefix chain script '/home/ros/share/ws/src/robo_maestro/install/setup.zsh'
